=== [1.0] NumPy 호환성 ===
numpy version: 2.4.4
np.arange(10): [0 1 2 3 4 5 6 7 8 9]
np.ones((3,3)):
[[1. 1. 1.]
 [1. 1. 1.]
 [1. 1. 1.]]

=== np.array(list) 변환 비용 ===
N= 10  median: 890 ns   ns/elem: 80
N= 100  median: 2670 ns   ns/elem: 26
N= 1000  median: 22160 ns   ns/elem: 22
N= 10000  median: 217391 ns   ns/elem: 21
N= 100000  median: 1630947 ns   ns/elem: 16

=== ndarray 속성 ===
shape: (3, 4)
dtype: int64
size: 12
ndim: 2

=== PyObject → Mojo Int 변환 ===
arr[1,2] = Int(py= 6 ) = 6

=== ndarray.tolist() (Python으로 양방향) ===
[[0, 1, 2, 3], [4, 5, 6, 7], [8, 9, 10, 11]]

=== ndarray vector op ===
x + y = [0. 2. 4. 6. 8.]
dot(x,y) = 30.0
